        -:    0:Source:/home/rc/ZathuraDbg/src/app/windows/memoryMapView.cpp
        -:    0:Graph:/home/rc/ZathuraDbg/src/cmake-build-debug-coverage/CMakeFiles/Zathura.dir/app/windows/memoryMapView.cpp.gcno
        -:    0:Data:/home/rc/ZathuraDbg/src/cmake-build-debug-coverage/CMakeFiles/Zathura.dir/app/windows/memoryMapView.cpp.gcda
        -:    0:Runs:1
        -:    1:#include "windows.hpp"
        -:    2:
function _Z16getMemoryMappingP9uc_struct called 0 returned 0% blocks executed 0%
    #####:    3:std::vector<memoryMapInfo> getMemoryMapping(uc_engine* uc)
        -:    4:{
        -:    5:    uc_mem_region* regionsInformation;
        -:    6:    uint32_t count;
    #####:    7:    uc_mem_regions(uc, &regionsInformation, &count);
    %%%%%:    7-block 2
call    0 never executed
branch  1 never executed (fallthrough)
branch  2 never executed (throw)
        -:    8:
    #####:    9:    std::vector<memoryMapInfo> memMapInfo;
    #####:   10:    memMapInfo.reserve(count);
    %%%%%:   10-block 3
call    0 never executed
branch  1 never executed (fallthrough)
branch  2 never executed (throw)
    #####:   11:    const uc_mem_region* regionInfo = regionsInformation;
        -:   12:
    #####:   13:    for (int i = 0; i < count; i++)
    %%%%%:   13-block 4
    %%%%%:   13-block 7
branch  0 never executed
branch  1 never executed (fallthrough)
        -:   14:    {
    #####:   15:        memMapInfo.push_back({regionInfo->begin, regionInfo->end, regionInfo->perms});
    %%%%%:   15-block 5
call    0 never executed
branch  1 never executed (fallthrough)
branch  2 never executed (throw)
    $$$$$:   15-block 11
    #####:   16:        regionInfo++;
    %%%%%:   16-block 6
        -:   17:    }
        -:   18:
    #####:   19:    uc_free(regionsInformation);
    %%%%%:   19-block 8
call    0 never executed
branch  1 never executed (fallthrough)
branch  2 never executed (throw)
    #####:   20:    return memMapInfo;
    %%%%%:   20-block 9
    %%%%%:   20-block 10
    =====:   21:}
    $$$$$:   21-block 12
call    0 never executed
        -:   22:
function _Z23updateMemoryPermissionsP9uc_structmmj called 0 returned 0% blocks executed 0%
    #####:   23:inline bool updateMemoryPermissions(uc_engine* uc, const uint64_t startAddr, const uint64_t endAddr,
        -:   24:                                    const uint32_t newPerms)
        -:   25:{
    #####:   26:    auto err = uc_mem_protect(uc, startAddr, (endAddr - startAddr) + 1, newPerms);
    %%%%%:   26-block 2
call    0 never executed
    #####:   27:    if (err != UC_ERR_OK)
branch  0 never executed (fallthrough)
branch  1 never executed
        -:   28:    {
    #####:   29:        return false;
    %%%%%:   29-block 4
        -:   30:    }
        -:   31:
    #####:   32:    return true;
    %%%%%:   32-block 5
        -:   33:}
        -:   34:
function _Z18expandMemoryRegionP9uc_structmmmmj called 0 returned 0% blocks executed 0%
    #####:   35:bool expandMemoryRegion(uc_engine* uc, const uint64_t startAddr, uint64_t oldEndAddr, uint64_t newEndAddr,
        -:   36:                        const uint64_t oldSize, const uint32_t perms)
        -:   37:{
    #####:   38:    if (!(perms & UC_PROT_READ && perms & UC_PROT_WRITE))
    %%%%%:   38-block 2
branch  0 never executed (fallthrough)
branch  1 never executed
    %%%%%:   38-block 3
branch  2 never executed (fallthrough)
branch  3 never executed
        -:   39:    {
    #####:   40:        LOG_ERROR("The memory region expansion process could not be completed because the memory region does not have read and write permissions.");
    %%%%%:   40-block 5
call    0 never executed
branch  1 never executed (fallthrough)
branch  2 never executed
    %%%%%:   40-block 7
call    3 never executed
branch  4 never executed (fallthrough)
branch  5 never executed
    %%%%%:   40-block 9
call    6 never executed
branch  7 never executed (fallthrough)
branch  8 never executed (throw)
    %%%%%:   40-block 10
call    9 never executed
branch 10 never executed (fallthrough)
branch 11 never executed (throw)
    %%%%%:   40-block 11
call   12 never executed
call   13 never executed
call   14 never executed
branch 15 never executed (fallthrough)
branch 16 never executed (throw)
    %%%%%:   40-block 14
call   17 never executed
branch 18 never executed (fallthrough)
branch 19 never executed (throw)
    %%%%%:   40-block 15
    %%%%%:   40-block 17
call   20 never executed
branch 21 never executed (fallthrough)
branch 22 never executed (throw)
    %%%%%:   40-block 18
call   23 never executed
branch 24 never executed (fallthrough)
branch 25 never executed (throw)
    %%%%%:   40-block 19
call   26 never executed
branch 27 never executed (fallthrough)
branch 28 never executed (throw)
    %%%%%:   40-block 20
call   29 never executed
branch 30 never executed (fallthrough)
branch 31 never executed (throw)
    %%%%%:   40-block 21
call   32 never executed
branch 33 never executed (fallthrough)
branch 34 never executed (throw)
    %%%%%:   40-block 22
call   35 never executed
branch 36 never executed (fallthrough)
branch 37 never executed (throw)
    %%%%%:   40-block 23
call   38 never executed
call   39 never executed
    %%%%%:   40-block 26
call   40 never executed
call   41 never executed
    %%%%%:   40-block 29
call   42 never executed
branch 43 never executed
branch 44 never executed (fallthrough)
    $$$$$:   40-block 425
call   45 never executed
    $$$$$:   40-block 427
call   46 never executed
    $$$$$:   40-block 431
    $$$$$:   40-block 432
    $$$$$:   40-block 433
    $$$$$:   40-block 434
call   47 never executed
    $$$$$:   40-block 436
    $$$$$:   40-block 437
call   48 never executed
    $$$$$:   40-block 439
call   49 never executed
    #####:   41:        return false;
    %%%%%:   41-block 31
        -:   42:    }
        -:   43:
    #####:   44:    if (startAddr > newEndAddr)
    %%%%%:   44-block 32
branch  0 never executed (fallthrough)
branch  1 never executed
        -:   45:    {
    #####:   46:        return false;
    %%%%%:   46-block 33
        -:   47:    }
        -:   48:
    #####:   49:    auto newSize = (newEndAddr - startAddr);
        -:   50:
    #####:   51:    if (((newSize % 4096) != 0))
    %%%%%:   51-block 34
branch  0 never executed (fallthrough)
branch  1 never executed
        -:   52:    {
    #####:   53:        LOG_ALERT("The new size requested for the memory region is not a multiple of 4096, rounding up...");
    %%%%%:   53-block 35
call    0 never executed
branch  1 never executed (fallthrough)
branch  2 never executed
    %%%%%:   53-block 37
call    3 never executed
branch  4 never executed (fallthrough)
branch  5 never executed
    %%%%%:   53-block 39
call    6 never executed
branch  7 never executed (fallthrough)
branch  8 never executed (throw)
    %%%%%:   53-block 40
call    9 never executed
branch 10 never executed (fallthrough)
branch 11 never executed (throw)
    %%%%%:   53-block 41
call   12 never executed
call   13 never executed
call   14 never executed
branch 15 never executed (fallthrough)
branch 16 never executed (throw)
    %%%%%:   53-block 44
call   17 never executed
branch 18 never executed (fallthrough)
branch 19 never executed (throw)
    %%%%%:   53-block 45
    %%%%%:   53-block 47
call   20 never executed
branch 21 never executed (fallthrough)
branch 22 never executed (throw)
    %%%%%:   53-block 48
call   23 never executed
branch 24 never executed (fallthrough)
branch 25 never executed (throw)
    %%%%%:   53-block 49
call   26 never executed
branch 27 never executed (fallthrough)
branch 28 never executed (throw)
    %%%%%:   53-block 50
call   29 never executed
branch 30 never executed (fallthrough)
branch 31 never executed (throw)
    %%%%%:   53-block 51
call   32 never executed
branch 33 never executed (fallthrough)
branch 34 never executed (throw)
    %%%%%:   53-block 52
call   35 never executed
branch 36 never executed (fallthrough)
branch 37 never executed (throw)
    %%%%%:   53-block 53
call   38 never executed
call   39 never executed
    %%%%%:   53-block 56
call   40 never executed
call   41 never executed
    %%%%%:   53-block 59
call   42 never executed
branch 43 never executed
branch 44 never executed (fallthrough)
    $$$$$:   53-block 440
call   45 never executed
    $$$$$:   53-block 442
call   46 never executed
    $$$$$:   53-block 446
    $$$$$:   53-block 447
    $$$$$:   53-block 448
    $$$$$:   53-block 449
call   47 never executed
    $$$$$:   53-block 451
    $$$$$:   53-block 452
call   48 never executed
    $$$$$:   53-block 454
call   49 never executed
    #####:   54:        tinyfd_messageBox(
    %%%%%:   54-block 61
call    0 never executed
        -:   55:            "Warning",
        -:   56:            "The new end address provided by you is not a multiple of the page size. The number will be rounded up to a multiple of 4KB.",
        -:   57:            "ok", "warning", 1);
    #####:   58:        newEndAddr = (newEndAddr + 4095) & ~4095;
    #####:   59:        newSize = newEndAddr - startAddr;
    #####:   60:        LOG_INFO("Rounded up size is " << newSize);
    %%%%%:   60-block 63
call    0 never executed
branch  1 never executed (fallthrough)
branch  2 never executed
    %%%%%:   60-block 65
call    3 never executed
branch  4 never executed (fallthrough)
branch  5 never executed
    %%%%%:   60-block 67
call    6 never executed
branch  7 never executed (fallthrough)
branch  8 never executed (throw)
    %%%%%:   60-block 68
call    9 never executed
branch 10 never executed (fallthrough)
branch 11 never executed (throw)
    %%%%%:   60-block 69
call   12 never executed
call   13 never executed
call   14 never executed
branch 15 never executed (fallthrough)
branch 16 never executed (throw)
    %%%%%:   60-block 72
call   17 never executed
branch 18 never executed (fallthrough)
branch 19 never executed (throw)
    %%%%%:   60-block 73
    %%%%%:   60-block 75
call   20 never executed
branch 21 never executed (fallthrough)
branch 22 never executed (throw)
    %%%%%:   60-block 76
call   23 never executed
branch 24 never executed (fallthrough)
branch 25 never executed (throw)
    %%%%%:   60-block 77
call   26 never executed
branch 27 never executed (fallthrough)
branch 28 never executed (throw)
    %%%%%:   60-block 78
call   29 never executed
branch 30 never executed (fallthrough)
branch 31 never executed (throw)
    %%%%%:   60-block 79
call   32 never executed
branch 33 never executed (fallthrough)
branch 34 never executed (throw)
    %%%%%:   60-block 80
call   35 never executed
branch 36 never executed (fallthrough)
branch 37 never executed (throw)
    %%%%%:   60-block 81
call   38 never executed
branch 39 never executed (fallthrough)
branch 40 never executed (throw)
    %%%%%:   60-block 82
call   41 never executed
call   42 never executed
    %%%%%:   60-block 85
call   43 never executed
call   44 never executed
    %%%%%:   60-block 88
call   45 never executed
branch 46 never executed
branch 47 never executed (fallthrough)
    $$$$$:   60-block 455
call   48 never executed
    $$$$$:   60-block 457
call   49 never executed
    $$$$$:   60-block 461
    $$$$$:   60-block 462
    $$$$$:   60-block 463
    $$$$$:   60-block 464
call   50 never executed
    $$$$$:   60-block 466
    $$$$$:   60-block 467
call   51 never executed
    $$$$$:   60-block 469
call   52 never executed
        -:   61:    }
        -:   62:
    #####:   63:    uc_err ucErr{};
        -:   64:
        -:   65:    // maybe allocate a page?
    #####:   66:    const auto saved = static_cast<char*>(malloc(oldSize));
        -:   67:
    #####:   68:    ucErr = uc_mem_read(uc, startAddr, saved, oldSize);
    %%%%%:   68-block 90
call    0 never executed
    #####:   69:    if (ucErr != UC_ERR_OK && ucErr != UC_ERR_READ_PROT)
branch  0 never executed (fallthrough)
branch  1 never executed
    %%%%%:   69-block 92
branch  2 never executed (fallthrough)
branch  3 never executed
        -:   70:    {
    #####:   71:        LOG_ERROR("Unable to read from the memory region for expansion.");
    %%%%%:   71-block 93
call    0 never executed
branch  1 never executed (fallthrough)
branch  2 never executed
    %%%%%:   71-block 95
call    3 never executed
branch  4 never executed (fallthrough)
branch  5 never executed
    %%%%%:   71-block 97
call    6 never executed
branch  7 never executed (fallthrough)
branch  8 never executed (throw)
    %%%%%:   71-block 98
call    9 never executed
branch 10 never executed (fallthrough)
branch 11 never executed (throw)
    %%%%%:   71-block 99
call   12 never executed
call   13 never executed
call   14 never executed
branch 15 never executed (fallthrough)
branch 16 never executed (throw)
    %%%%%:   71-block 102
call   17 never executed
branch 18 never executed (fallthrough)
branch 19 never executed (throw)
    %%%%%:   71-block 103
    %%%%%:   71-block 105
call   20 never executed
branch 21 never executed (fallthrough)
branch 22 never executed (throw)
    %%%%%:   71-block 106
call   23 never executed
branch 24 never executed (fallthrough)
branch 25 never executed (throw)
    %%%%%:   71-block 107
call   26 never executed
branch 27 never executed (fallthrough)
branch 28 never executed (throw)
    %%%%%:   71-block 108
call   29 never executed
branch 30 never executed (fallthrough)
branch 31 never executed (throw)
    %%%%%:   71-block 109
call   32 never executed
branch 33 never executed (fallthrough)
branch 34 never executed (throw)
    %%%%%:   71-block 110
call   35 never executed
branch 36 never executed (fallthrough)
branch 37 never executed (throw)
    %%%%%:   71-block 111
call   38 never executed
call   39 never executed
    %%%%%:   71-block 114
call   40 never executed
call   41 never executed
    %%%%%:   71-block 117
call   42 never executed
branch 43 never executed
branch 44 never executed (fallthrough)
    $$$$$:   71-block 470
call   45 never executed
    $$$$$:   71-block 472
call   46 never executed
    $$$$$:   71-block 476
    $$$$$:   71-block 477
    $$$$$:   71-block 478
    $$$$$:   71-block 479
call   47 never executed
    $$$$$:   71-block 481
    $$$$$:   71-block 482
call   48 never executed
    $$$$$:   71-block 484
call   49 never executed
    #####:   72:        return false;
    %%%%%:   72-block 119
        -:   73:    }
        -:   74:
    #####:   75:    ucErr = uc_mem_unmap(uc, startAddr, oldSize);
    %%%%%:   75-block 120
call    0 never executed
    #####:   76:    if (ucErr != UC_ERR_OK)
branch  0 never executed (fallthrough)
branch  1 never executed
        -:   77:    {
    #####:   78:        LOG_ERROR("Unable to unmap the memory region for expansion.");
    %%%%%:   78-block 122
call    0 never executed
branch  1 never executed (fallthrough)
branch  2 never executed
    %%%%%:   78-block 124
call    3 never executed
branch  4 never executed (fallthrough)
branch  5 never executed
    %%%%%:   78-block 126
call    6 never executed
branch  7 never executed (fallthrough)
branch  8 never executed (throw)
    %%%%%:   78-block 127
call    9 never executed
branch 10 never executed (fallthrough)
branch 11 never executed (throw)
    %%%%%:   78-block 128
call   12 never executed
call   13 never executed
call   14 never executed
branch 15 never executed (fallthrough)
branch 16 never executed (throw)
    %%%%%:   78-block 131
call   17 never executed
branch 18 never executed (fallthrough)
branch 19 never executed (throw)
    %%%%%:   78-block 132
    %%%%%:   78-block 134
call   20 never executed
branch 21 never executed (fallthrough)
branch 22 never executed (throw)
    %%%%%:   78-block 135
call   23 never executed
branch 24 never executed (fallthrough)
branch 25 never executed (throw)
    %%%%%:   78-block 136
call   26 never executed
branch 27 never executed (fallthrough)
branch 28 never executed (throw)
    %%%%%:   78-block 137
call   29 never executed
branch 30 never executed (fallthrough)
branch 31 never executed (throw)
    %%%%%:   78-block 138
call   32 never executed
branch 33 never executed (fallthrough)
branch 34 never executed (throw)
    %%%%%:   78-block 139
call   35 never executed
branch 36 never executed (fallthrough)
branch 37 never executed (throw)
    %%%%%:   78-block 140
call   38 never executed
call   39 never executed
    %%%%%:   78-block 143
call   40 never executed
call   41 never executed
    %%%%%:   78-block 146
call   42 never executed
branch 43 never executed
branch 44 never executed (fallthrough)
    $$$$$:   78-block 485
call   45 never executed
    $$$$$:   78-block 487
call   46 never executed
    $$$$$:   78-block 491
    $$$$$:   78-block 492
    $$$$$:   78-block 493
    $$$$$:   78-block 494
call   47 never executed
    $$$$$:   78-block 496
    $$$$$:   78-block 497
call   48 never executed
    $$$$$:   78-block 499
call   49 never executed
    #####:   79:        return false;
    %%%%%:   79-block 148
        -:   80:    }
        -:   81:
    #####:   82:    ucErr = uc_mem_map(uc, startAddr, newSize, perms);
    %%%%%:   82-block 149
call    0 never executed
    #####:   83:    if (ucErr != UC_ERR_OK)
branch  0 never executed (fallthrough)
branch  1 never executed
        -:   84:    {
    #####:   85:        LOG_ERROR("Unable to remap the memory region which was unmapped with a bigger size!");
    %%%%%:   85-block 151
call    0 never executed
branch  1 never executed (fallthrough)
branch  2 never executed
    %%%%%:   85-block 153
call    3 never executed
branch  4 never executed (fallthrough)
branch  5 never executed
    %%%%%:   85-block 155
call    6 never executed
branch  7 never executed (fallthrough)
branch  8 never executed (throw)
    %%%%%:   85-block 156
call    9 never executed
branch 10 never executed (fallthrough)
branch 11 never executed (throw)
    %%%%%:   85-block 157
call   12 never executed
call   13 never executed
call   14 never executed
branch 15 never executed (fallthrough)
branch 16 never executed (throw)
    %%%%%:   85-block 160
call   17 never executed
branch 18 never executed (fallthrough)
branch 19 never executed (throw)
    %%%%%:   85-block 161
    %%%%%:   85-block 163
call   20 never executed
branch 21 never executed (fallthrough)
branch 22 never executed (throw)
    %%%%%:   85-block 164
call   23 never executed
branch 24 never executed (fallthrough)
branch 25 never executed (throw)
    %%%%%:   85-block 165
call   26 never executed
branch 27 never executed (fallthrough)
branch 28 never executed (throw)
    %%%%%:   85-block 166
call   29 never executed
branch 30 never executed (fallthrough)
branch 31 never executed (throw)
    %%%%%:   85-block 167
call   32 never executed
branch 33 never executed (fallthrough)
branch 34 never executed (throw)
    %%%%%:   85-block 168
call   35 never executed
branch 36 never executed (fallthrough)
branch 37 never executed (throw)
    %%%%%:   85-block 169
call   38 never executed
call   39 never executed
    %%%%%:   85-block 172
call   40 never executed
call   41 never executed
    %%%%%:   85-block 175
call   42 never executed
branch 43 never executed
branch 44 never executed (fallthrough)
    $$$$$:   85-block 500
call   45 never executed
    $$$$$:   85-block 502
call   46 never executed
    $$$$$:   85-block 506
    $$$$$:   85-block 507
    $$$$$:   85-block 508
    $$$$$:   85-block 509
call   47 never executed
    $$$$$:   85-block 511
    $$$$$:   85-block 512
call   48 never executed
    $$$$$:   85-block 514
call   49 never executed
    #####:   86:        LOG_NOTICE("Attempting to recover the unmapped memory region...");
    %%%%%:   86-block 177
call    0 never executed
branch  1 never executed (fallthrough)
branch  2 never executed
    %%%%%:   86-block 179
call    3 never executed
branch  4 never executed (fallthrough)
branch  5 never executed
    %%%%%:   86-block 181
call    6 never executed
branch  7 never executed (fallthrough)
branch  8 never executed (throw)
    %%%%%:   86-block 182
call    9 never executed
branch 10 never executed (fallthrough)
branch 11 never executed (throw)
    %%%%%:   86-block 183
call   12 never executed
call   13 never executed
call   14 never executed
branch 15 never executed (fallthrough)
branch 16 never executed (throw)
    %%%%%:   86-block 186
call   17 never executed
branch 18 never executed (fallthrough)
branch 19 never executed (throw)
    %%%%%:   86-block 187
    %%%%%:   86-block 189
call   20 never executed
branch 21 never executed (fallthrough)
branch 22 never executed (throw)
    %%%%%:   86-block 190
call   23 never executed
branch 24 never executed (fallthrough)
branch 25 never executed (throw)
    %%%%%:   86-block 191
call   26 never executed
branch 27 never executed (fallthrough)
branch 28 never executed (throw)
    %%%%%:   86-block 192
call   29 never executed
branch 30 never executed (fallthrough)
branch 31 never executed (throw)
    %%%%%:   86-block 193
call   32 never executed
branch 33 never executed (fallthrough)
branch 34 never executed (throw)
    %%%%%:   86-block 194
call   35 never executed
branch 36 never executed (fallthrough)
branch 37 never executed (throw)
    %%%%%:   86-block 195
call   38 never executed
call   39 never executed
    %%%%%:   86-block 198
call   40 never executed
call   41 never executed
    %%%%%:   86-block 201
call   42 never executed
branch 43 never executed
branch 44 never executed (fallthrough)
    $$$$$:   86-block 515
call   45 never executed
    $$$$$:   86-block 517
call   46 never executed
    $$$$$:   86-block 521
    $$$$$:   86-block 522
    $$$$$:   86-block 523
    $$$$$:   86-block 524
call   47 never executed
    $$$$$:   86-block 526
    $$$$$:   86-block 527
call   48 never executed
    $$$$$:   86-block 529
call   49 never executed
        -:   87:
    #####:   88:        ucErr = uc_mem_map(uc, startAddr, oldSize, perms);
    %%%%%:   88-block 203
call    0 never executed
        -:   89:
    #####:   90:        if (ucErr != UC_ERR_OK)
branch  0 never executed (fallthrough)
branch  1 never executed
        -:   91:        {
    #####:   92:            LOG_INFO("Mapping error during recovery!");
    %%%%%:   92-block 205
call    0 never executed
branch  1 never executed (fallthrough)
branch  2 never executed
    %%%%%:   92-block 207
call    3 never executed
branch  4 never executed (fallthrough)
branch  5 never executed
    %%%%%:   92-block 209
call    6 never executed
branch  7 never executed (fallthrough)
branch  8 never executed (throw)
    %%%%%:   92-block 210
call    9 never executed
branch 10 never executed (fallthrough)
branch 11 never executed (throw)
    %%%%%:   92-block 211
call   12 never executed
call   13 never executed
call   14 never executed
branch 15 never executed (fallthrough)
branch 16 never executed (throw)
    %%%%%:   92-block 214
call   17 never executed
branch 18 never executed (fallthrough)
branch 19 never executed (throw)
    %%%%%:   92-block 215
    %%%%%:   92-block 217
call   20 never executed
branch 21 never executed (fallthrough)
branch 22 never executed (throw)
    %%%%%:   92-block 218
call   23 never executed
branch 24 never executed (fallthrough)
branch 25 never executed (throw)
    %%%%%:   92-block 219
call   26 never executed
branch 27 never executed (fallthrough)
branch 28 never executed (throw)
    %%%%%:   92-block 220
call   29 never executed
branch 30 never executed (fallthrough)
branch 31 never executed (throw)
    %%%%%:   92-block 221
call   32 never executed
branch 33 never executed (fallthrough)
branch 34 never executed (throw)
    %%%%%:   92-block 222
call   35 never executed
branch 36 never executed (fallthrough)
branch 37 never executed (throw)
    %%%%%:   92-block 223
call   38 never executed
call   39 never executed
    %%%%%:   92-block 226
call   40 never executed
call   41 never executed
    %%%%%:   92-block 229
call   42 never executed
branch 43 never executed
branch 44 never executed (fallthrough)
    $$$$$:   92-block 530
call   45 never executed
    $$$$$:   92-block 532
call   46 never executed
    $$$$$:   92-block 536
    $$$$$:   92-block 537
    $$$$$:   92-block 538
    $$$$$:   92-block 539
call   47 never executed
    $$$$$:   92-block 541
    $$$$$:   92-block 542
call   48 never executed
    $$$$$:   92-block 544
call   49 never executed
    #####:   93:            LOG_ERROR("Memory map recovery failed. Memory map in inrecoverable state.");
    %%%%%:   93-block 231
call    0 never executed
branch  1 never executed (fallthrough)
branch  2 never executed
    %%%%%:   93-block 233
call    3 never executed
branch  4 never executed (fallthrough)
branch  5 never executed
    %%%%%:   93-block 235
call    6 never executed
branch  7 never executed (fallthrough)
branch  8 never executed (throw)
    %%%%%:   93-block 236
call    9 never executed
branch 10 never executed (fallthrough)
branch 11 never executed (throw)
    %%%%%:   93-block 237
call   12 never executed
call   13 never executed
call   14 never executed
branch 15 never executed (fallthrough)
branch 16 never executed (throw)
    %%%%%:   93-block 240
call   17 never executed
branch 18 never executed (fallthrough)
branch 19 never executed (throw)
    %%%%%:   93-block 241
    %%%%%:   93-block 243
call   20 never executed
branch 21 never executed (fallthrough)
branch 22 never executed (throw)
    %%%%%:   93-block 244
call   23 never executed
branch 24 never executed (fallthrough)
branch 25 never executed (throw)
    %%%%%:   93-block 245
call   26 never executed
branch 27 never executed (fallthrough)
branch 28 never executed (throw)
    %%%%%:   93-block 246
call   29 never executed
branch 30 never executed (fallthrough)
branch 31 never executed (throw)
    %%%%%:   93-block 247
call   32 never executed
branch 33 never executed (fallthrough)
branch 34 never executed (throw)
    %%%%%:   93-block 248
call   35 never executed
branch 36 never executed (fallthrough)
branch 37 never executed (throw)
    %%%%%:   93-block 249
call   38 never executed
call   39 never executed
    %%%%%:   93-block 252
call   40 never executed
call   41 never executed
    %%%%%:   93-block 255
call   42 never executed
branch 43 never executed
branch 44 never executed (fallthrough)
    $$$$$:   93-block 545
call   45 never executed
    $$$$$:   93-block 547
call   46 never executed
    $$$$$:   93-block 551
    $$$$$:   93-block 552
    $$$$$:   93-block 553
    $$$$$:   93-block 554
call   47 never executed
    $$$$$:   93-block 556
    $$$$$:   93-block 557
call   48 never executed
    $$$$$:   93-block 559
call   49 never executed
    #####:   94:            return false;
    %%%%%:   94-block 257
        -:   95:        }
        -:   96:        else
        -:   97:        {
    #####:   98:            LOG_INFO("Recovery mapping sucessful! Proceeding...");
    %%%%%:   98-block 258
call    0 never executed
branch  1 never executed (fallthrough)
branch  2 never executed
    %%%%%:   98-block 260
call    3 never executed
branch  4 never executed (fallthrough)
branch  5 never executed
    %%%%%:   98-block 262
call    6 never executed
branch  7 never executed (fallthrough)
branch  8 never executed (throw)
    %%%%%:   98-block 263
call    9 never executed
branch 10 never executed (fallthrough)
branch 11 never executed (throw)
    %%%%%:   98-block 264
call   12 never executed
call   13 never executed
call   14 never executed
branch 15 never executed (fallthrough)
branch 16 never executed (throw)
    %%%%%:   98-block 267
call   17 never executed
branch 18 never executed (fallthrough)
branch 19 never executed (throw)
    %%%%%:   98-block 268
    %%%%%:   98-block 270
call   20 never executed
branch 21 never executed (fallthrough)
branch 22 never executed (throw)
    %%%%%:   98-block 271
call   23 never executed
branch 24 never executed (fallthrough)
branch 25 never executed (throw)
    %%%%%:   98-block 272
call   26 never executed
branch 27 never executed (fallthrough)
branch 28 never executed (throw)
    %%%%%:   98-block 273
call   29 never executed
branch 30 never executed (fallthrough)
branch 31 never executed (throw)
    %%%%%:   98-block 274
call   32 never executed
branch 33 never executed (fallthrough)
branch 34 never executed (throw)
    %%%%%:   98-block 275
call   35 never executed
branch 36 never executed (fallthrough)
branch 37 never executed (throw)
    %%%%%:   98-block 276
call   38 never executed
call   39 never executed
    %%%%%:   98-block 279
call   40 never executed
call   41 never executed
    %%%%%:   98-block 282
call   42 never executed
branch 43 never executed
branch 44 never executed (fallthrough)
    $$$$$:   98-block 560
call   45 never executed
    $$$$$:   98-block 562
call   46 never executed
    $$$$$:   98-block 566
    $$$$$:   98-block 567
    $$$$$:   98-block 568
    $$$$$:   98-block 569
call   47 never executed
    $$$$$:   98-block 571
    $$$$$:   98-block 572
call   48 never executed
    $$$$$:   98-block 574
call   49 never executed
    #####:   99:            ucErr = uc_mem_write(uc, startAddr, saved, sizeof(saved));
    %%%%%:   99-block 284
call    0 never executed
        -:  100:            // UC_ERR_WRITE_PROT is not likely or is unreachable.
    #####:  101:            if (ucErr != UC_ERR_OK && ucErr != UC_ERR_WRITE_PROT)
branch  0 never executed (fallthrough)
branch  1 never executed
    %%%%%:  101-block 286
branch  2 never executed (fallthrough)
branch  3 never executed
        -:  102:            {
    #####:  103:                LOG_INFO("Memory writing error during recovery!");
    %%%%%:  103-block 287
call    0 never executed
branch  1 never executed (fallthrough)
branch  2 never executed
    %%%%%:  103-block 289
call    3 never executed
branch  4 never executed (fallthrough)
branch  5 never executed
    %%%%%:  103-block 291
call    6 never executed
branch  7 never executed (fallthrough)
branch  8 never executed (throw)
    %%%%%:  103-block 292
call    9 never executed
branch 10 never executed (fallthrough)
branch 11 never executed (throw)
    %%%%%:  103-block 293
call   12 never executed
call   13 never executed
call   14 never executed
branch 15 never executed (fallthrough)
branch 16 never executed (throw)
    %%%%%:  103-block 296
call   17 never executed
branch 18 never executed (fallthrough)
branch 19 never executed (throw)
    %%%%%:  103-block 297
    %%%%%:  103-block 299
call   20 never executed
branch 21 never executed (fallthrough)
branch 22 never executed (throw)
    %%%%%:  103-block 300
call   23 never executed
branch 24 never executed (fallthrough)
branch 25 never executed (throw)
    %%%%%:  103-block 301
call   26 never executed
branch 27 never executed (fallthrough)
branch 28 never executed (throw)
    %%%%%:  103-block 302
call   29 never executed
branch 30 never executed (fallthrough)
branch 31 never executed (throw)
    %%%%%:  103-block 303
call   32 never executed
branch 33 never executed (fallthrough)
branch 34 never executed (throw)
    %%%%%:  103-block 304
call   35 never executed
branch 36 never executed (fallthrough)
branch 37 never executed (throw)
    %%%%%:  103-block 305
call   38 never executed
call   39 never executed
    %%%%%:  103-block 308
call   40 never executed
call   41 never executed
    %%%%%:  103-block 311
call   42 never executed
branch 43 never executed
branch 44 never executed (fallthrough)
    $$$$$:  103-block 575
call   45 never executed
    $$$$$:  103-block 577
call   46 never executed
    $$$$$:  103-block 581
    $$$$$:  103-block 582
    $$$$$:  103-block 583
    $$$$$:  103-block 584
call   47 never executed
    $$$$$:  103-block 586
    $$$$$:  103-block 587
call   48 never executed
    $$$$$:  103-block 589
call   49 never executed
    #####:  104:                LOG_ERROR("Memory map recovery failed. Memory map in inrecoverable state.");
    %%%%%:  104-block 313
call    0 never executed
branch  1 never executed (fallthrough)
branch  2 never executed
    %%%%%:  104-block 315
call    3 never executed
branch  4 never executed (fallthrough)
branch  5 never executed
    %%%%%:  104-block 317
call    6 never executed
branch  7 never executed (fallthrough)
branch  8 never executed (throw)
    %%%%%:  104-block 318
call    9 never executed
branch 10 never executed (fallthrough)
branch 11 never executed (throw)
    %%%%%:  104-block 319
call   12 never executed
call   13 never executed
call   14 never executed
branch 15 never executed (fallthrough)
branch 16 never executed (throw)
    %%%%%:  104-block 322
call   17 never executed
branch 18 never executed (fallthrough)
branch 19 never executed (throw)
    %%%%%:  104-block 323
    %%%%%:  104-block 325
call   20 never executed
branch 21 never executed (fallthrough)
branch 22 never executed (throw)
    %%%%%:  104-block 326
call   23 never executed
branch 24 never executed (fallthrough)
branch 25 never executed (throw)
    %%%%%:  104-block 327
call   26 never executed
branch 27 never executed (fallthrough)
branch 28 never executed (throw)
    %%%%%:  104-block 328
call   29 never executed
branch 30 never executed (fallthrough)
branch 31 never executed (throw)
    %%%%%:  104-block 329
call   32 never executed
branch 33 never executed (fallthrough)
branch 34 never executed (throw)
    %%%%%:  104-block 330
call   35 never executed
branch 36 never executed (fallthrough)
branch 37 never executed (throw)
    %%%%%:  104-block 331
call   38 never executed
call   39 never executed
    %%%%%:  104-block 334
call   40 never executed
call   41 never executed
    %%%%%:  104-block 337
call   42 never executed
branch 43 never executed
branch 44 never executed (fallthrough)
    $$$$$:  104-block 590
call   45 never executed
    $$$$$:  104-block 592
call   46 never executed
    $$$$$:  104-block 596
    $$$$$:  104-block 597
    $$$$$:  104-block 598
    $$$$$:  104-block 599
call   47 never executed
    $$$$$:  104-block 601
    $$$$$:  104-block 602
call   48 never executed
    $$$$$:  104-block 604
call   49 never executed
    #####:  105:                return false;
    %%%%%:  105-block 339
        -:  106:            }
        -:  107:
    #####:  108:            LOG_INFO("Recovery write sucessful! Proceeding...");
    %%%%%:  108-block 341
call    0 never executed
branch  1 never executed (fallthrough)
branch  2 never executed
    %%%%%:  108-block 343
call    3 never executed
branch  4 never executed (fallthrough)
branch  5 never executed
    %%%%%:  108-block 345
call    6 never executed
branch  7 never executed (fallthrough)
branch  8 never executed (throw)
    %%%%%:  108-block 346
call    9 never executed
branch 10 never executed (fallthrough)
branch 11 never executed (throw)
    %%%%%:  108-block 347
call   12 never executed
call   13 never executed
call   14 never executed
branch 15 never executed (fallthrough)
branch 16 never executed (throw)
    %%%%%:  108-block 350
call   17 never executed
branch 18 never executed (fallthrough)
branch 19 never executed (throw)
    %%%%%:  108-block 351
    %%%%%:  108-block 353
call   20 never executed
branch 21 never executed (fallthrough)
branch 22 never executed (throw)
    %%%%%:  108-block 354
call   23 never executed
branch 24 never executed (fallthrough)
branch 25 never executed (throw)
    %%%%%:  108-block 355
call   26 never executed
branch 27 never executed (fallthrough)
branch 28 never executed (throw)
    %%%%%:  108-block 356
call   29 never executed
branch 30 never executed (fallthrough)
branch 31 never executed (throw)
    %%%%%:  108-block 357
call   32 never executed
branch 33 never executed (fallthrough)
branch 34 never executed (throw)
    %%%%%:  108-block 358
call   35 never executed
branch 36 never executed (fallthrough)
branch 37 never executed (throw)
    %%%%%:  108-block 359
call   38 never executed
call   39 never executed
    %%%%%:  108-block 362
call   40 never executed
call   41 never executed
    %%%%%:  108-block 365
call   42 never executed
branch 43 never executed
branch 44 never executed (fallthrough)
    $$$$$:  108-block 605
call   45 never executed
    $$$$$:  108-block 607
call   46 never executed
    $$$$$:  108-block 611
    $$$$$:  108-block 612
    $$$$$:  108-block 613
    $$$$$:  108-block 614
call   47 never executed
    $$$$$:  108-block 616
    $$$$$:  108-block 617
call   48 never executed
    $$$$$:  108-block 619
call   49 never executed
    #####:  109:            LOG_INFO("The memory maps are now in the default state.");
    %%%%%:  109-block 367
call    0 never executed
branch  1 never executed (fallthrough)
branch  2 never executed
    %%%%%:  109-block 369
call    3 never executed
branch  4 never executed (fallthrough)
branch  5 never executed
    %%%%%:  109-block 371
call    6 never executed
branch  7 never executed (fallthrough)
branch  8 never executed (throw)
    %%%%%:  109-block 372
call    9 never executed
branch 10 never executed (fallthrough)
branch 11 never executed (throw)
    %%%%%:  109-block 373
call   12 never executed
call   13 never executed
call   14 never executed
branch 15 never executed (fallthrough)
branch 16 never executed (throw)
    %%%%%:  109-block 376
call   17 never executed
branch 18 never executed (fallthrough)
branch 19 never executed (throw)
    %%%%%:  109-block 377
    %%%%%:  109-block 379
call   20 never executed
branch 21 never executed (fallthrough)
branch 22 never executed (throw)
    %%%%%:  109-block 380
call   23 never executed
branch 24 never executed (fallthrough)
branch 25 never executed (throw)
    %%%%%:  109-block 381
call   26 never executed
branch 27 never executed (fallthrough)
branch 28 never executed (throw)
    %%%%%:  109-block 382
call   29 never executed
branch 30 never executed (fallthrough)
branch 31 never executed (throw)
    %%%%%:  109-block 383
call   32 never executed
branch 33 never executed (fallthrough)
branch 34 never executed (throw)
    %%%%%:  109-block 384
call   35 never executed
branch 36 never executed (fallthrough)
branch 37 never executed (throw)
    %%%%%:  109-block 385
call   38 never executed
call   39 never executed
    %%%%%:  109-block 388
call   40 never executed
call   41 never executed
    %%%%%:  109-block 391
call   42 never executed
branch 43 never executed
branch 44 never executed (fallthrough)
    $$$$$:  109-block 620
call   45 never executed
    $$$$$:  109-block 622
call   46 never executed
    $$$$$:  109-block 626
    $$$$$:  109-block 627
    $$$$$:  109-block 628
    $$$$$:  109-block 629
call   47 never executed
    $$$$$:  109-block 631
    $$$$$:  109-block 632
call   48 never executed
    $$$$$:  109-block 634
call   49 never executed
    #####:  110:            return true;
    %%%%%:  110-block 393
        -:  111:        }
        -:  112:
        -:  113:        return false;
        -:  114:    }
        -:  115:
    #####:  116:    ucErr = uc_mem_write(uc, startAddr, saved, sizeof(saved));
    %%%%%:  116-block 394
call    0 never executed
    #####:  117:    if (ucErr != UC_ERR_OK)
branch  0 never executed (fallthrough)
branch  1 never executed
        -:  118:    {
    #####:  119:        LOG_ERROR("Unable to write to the memory region which was unmapped with a bigger size!");
    %%%%%:  119-block 396
call    0 never executed
branch  1 never executed (fallthrough)
branch  2 never executed
    %%%%%:  119-block 398
call    3 never executed
branch  4 never executed (fallthrough)
branch  5 never executed
    %%%%%:  119-block 400
call    6 never executed
branch  7 never executed (fallthrough)
branch  8 never executed (throw)
    %%%%%:  119-block 401
call    9 never executed
branch 10 never executed (fallthrough)
branch 11 never executed (throw)
    %%%%%:  119-block 402
call   12 never executed
call   13 never executed
call   14 never executed
branch 15 never executed (fallthrough)
branch 16 never executed (throw)
    %%%%%:  119-block 405
call   17 never executed
branch 18 never executed (fallthrough)
branch 19 never executed (throw)
    %%%%%:  119-block 406
    %%%%%:  119-block 408
call   20 never executed
branch 21 never executed (fallthrough)
branch 22 never executed (throw)
    %%%%%:  119-block 409
call   23 never executed
branch 24 never executed (fallthrough)
branch 25 never executed (throw)
    %%%%%:  119-block 410
call   26 never executed
branch 27 never executed (fallthrough)
branch 28 never executed (throw)
    %%%%%:  119-block 411
call   29 never executed
branch 30 never executed (fallthrough)
branch 31 never executed (throw)
    %%%%%:  119-block 412
call   32 never executed
branch 33 never executed (fallthrough)
branch 34 never executed (throw)
    %%%%%:  119-block 413
call   35 never executed
branch 36 never executed (fallthrough)
branch 37 never executed (throw)
    %%%%%:  119-block 414
call   38 never executed
call   39 never executed
    %%%%%:  119-block 417
call   40 never executed
call   41 never executed
    %%%%%:  119-block 420
call   42 never executed
branch 43 never executed
branch 44 never executed (fallthrough)
    $$$$$:  119-block 635
call   45 never executed
    $$$$$:  119-block 637
call   46 never executed
    $$$$$:  119-block 641
    $$$$$:  119-block 642
    $$$$$:  119-block 643
    $$$$$:  119-block 644
call   47 never executed
    $$$$$:  119-block 646
    $$$$$:  119-block 647
call   48 never executed
    #####:  120:        return false;
    %%%%%:  120-block 422
        -:  121:    }
        -:  122:
    #####:  123:    free(saved);
    #####:  124:    return true;
    %%%%%:  124-block 423
        -:  125:}
        -:  126:
        -:  127:static int lastMemInfoSize;
        -:  128:bool keep = false;
function _Z15memoryMapWindowv called 0 returned 0% blocks executed 0%
    #####:  129:void memoryMapWindow()
        -:  130:{
    #####:  131:    auto memInfo = getMemoryMapping(uc);
    %%%%%:  131-block 2
call    0 never executed
branch  1 never executed (fallthrough)
branch  2 never executed (throw)
    #####:  132:    auto [x, y] = ImGui::GetWindowSize();
    %%%%%:  132-block 3
call    0 never executed
branch  1 never executed (fallthrough)
branch  2 never executed (throw)
    #####:  133:    ImGui::SetNextWindowSize({x - 230, (y - 125 + (52 * memInfo.size()))});
    %%%%%:  133-block 4
call    0 never executed
call    1 never executed
call    2 never executed
branch  3 never executed (fallthrough)
branch  4 never executed (throw)
    $$$$$:  133-block 326
        -:  134:
    #####:  135:    if (ImGui::Begin("Memory Mappings"))
    %%%%%:  135-block 7
call    0 never executed
branch  1 never executed (fallthrough)
branch  2 never executed (throw)
    %%%%%:  135-block 8
branch  3 never executed (fallthrough)
branch  4 never executed
        -:  136:    {
    #####:  137:        bool tableSizeInc = false;
    #####:  138:        bool tableUpdated = false;
    #####:  139:        bool mapped = true;
    #####:  140:        ImGui::PushFont(ImGui::GetIO().Fonts->Fonts[JetBrainsMono20]);
    %%%%%:  140-block 9
call    0 never executed
branch  1 never executed (fallthrough)
branch  2 never executed (throw)
    %%%%%:  140-block 10
call    3 never executed
call    4 never executed
branch  5 never executed (fallthrough)
branch  6 never executed (throw)
    #####:  141:        if (ImGui::BeginTable("memoryMapTable", 4,
    %%%%%:  141-block 12
call    0 never executed
call    1 never executed
branch  2 never executed (fallthrough)
branch  3 never executed (throw)
    %%%%%:  141-block 14
branch  4 never executed (fallthrough)
branch  5 never executed
    $$$$$:  141-block 327
        -:  142:                              ImGuiTableFlags_Borders | ImGuiTableFlags_RowBg | ImGuiTableFlags_Resizable))
        -:  143:        {
    #####:  144:            ImGui::TableSetupColumn("No.", ImGuiTableColumnFlags_WidthStretch);
    %%%%%:  144-block 15
call    0 never executed
branch  1 never executed (fallthrough)
branch  2 never executed (throw)
    #####:  145:            ImGui::TableSetupColumn("Start", ImGuiTableColumnFlags_WidthStretch);
    %%%%%:  145-block 16
call    0 never executed
branch  1 never executed (fallthrough)
branch  2 never executed (throw)
    #####:  146:            ImGui::TableSetupColumn("End", ImGuiTableColumnFlags_WidthStretch);
    %%%%%:  146-block 17
call    0 never executed
branch  1 never executed (fallthrough)
branch  2 never executed (throw)
    #####:  147:            ImGui::TableSetupColumn("Permissions", ImGuiTableColumnFlags_WidthStretch);
    %%%%%:  147-block 18
call    0 never executed
branch  1 never executed (fallthrough)
branch  2 never executed (throw)
    #####:  148:            ImGui::TableHeadersRow();
    %%%%%:  148-block 19
call    0 never executed
branch  1 never executed (fallthrough)
branch  2 never executed (throw)
        -:  149:
    #####:  150:            std::string startAddrStr{};
    %%%%%:  150-block 20
call    0 never executed
    #####:  151:            std::string endAddrStr;
call    0 never executed
    #####:  152:            uint64_t newEndAddr{};
        -:  153:
    #####:  154:            ImGui::TableNextRow();
call    0 never executed
branch  1 never executed (fallthrough)
branch  2 never executed (throw)
    #####:  155:            ImGui::TableSetColumnIndex(0);
    %%%%%:  155-block 23
call    0 never executed
branch  1 never executed (fallthrough)
branch  2 never executed (throw)
        -:  156:
        -:  157:            bool read;
        -:  158:            bool write;
        -:  159:            bool execute;
    #####:  160:            bool permsChanged = false;
    #####:  161:            bool mappingChanged = true;
    #####:  162:            bool endAddrChanged = false;
        -:  163:
    #####:  164:            float posX{};
    #####:  165:            float posY{};
        -:  166:
    #####:  167:            if (lastMemInfoSize > 0 && (lastMemInfoSize != memInfo.size()))
    %%%%%:  167-block 24
branch  0 never executed (fallthrough)
branch  1 never executed
    %%%%%:  167-block 25
call    2 never executed
branch  3 never executed (fallthrough)
branch  4 never executed
    %%%%%:  167-block 27
    %%%%%:  167-block 28
    %%%%%:  167-block 29
branch  5 never executed (fallthrough)
branch  6 never executed
        -:  168:            {
    #####:  169:                tableUpdated = true;
    #####:  170:                if (lastMemInfoSize < memInfo.size())
    %%%%%:  170-block 30
call    0 never executed
branch  1 never executed (fallthrough)
branch  2 never executed
        -:  171:                {
    #####:  172:                    tableSizeInc = true;
    %%%%%:  172-block 32
        -:  173:                }
        -:  174:            }
        -:  175:
    #####:  176:            lastMemInfoSize = memInfo.size();
    %%%%%:  176-block 33
call    0 never executed
    #####:  177:            const auto inputValue = static_cast<char*>(malloc(80));
        -:  178:
    #####:  179:            for (int i = 0; i < memInfo.size(); i++)
    %%%%%:  179-block 233
call    0 never executed
branch  1 never executed
branch  2 never executed (fallthrough)
        -:  180:            {
    #####:  181:                ImGui::PushID((i + 1) * 91);
    %%%%%:  181-block 35
call    0 never executed
branch  1 never executed (fallthrough)
branch  2 never executed (throw)
    #####:  182:                read = memInfo[i].perms & UC_PROT_READ;
    %%%%%:  182-block 36
call    0 never executed
    #####:  183:                write = memInfo[i].perms & UC_PROT_WRITE;
call    0 never executed
    #####:  184:                execute = memInfo[i].perms & UC_PROT_EXEC;
call    0 never executed
        -:  185:
    #####:  186:                ImGui::SetNextItemWidth(-FLT_MIN);
call    0 never executed
branch  1 never executed (fallthrough)
branch  2 never executed (throw)
    #####:  187:                ImGui::TableSetColumnIndex(0);
    %%%%%:  187-block 40
call    0 never executed
branch  1 never executed (fallthrough)
branch  2 never executed (throw)
        -:  188:
        -:  189:
    #####:  190:                ImGui::PushID(("first" + std::to_string(i + 1)).c_str());
    %%%%%:  190-block 41
call    0 never executed
call    1 never executed
branch  2 never executed (fallthrough)
branch  3 never executed (throw)
    %%%%%:  190-block 43
call    4 never executed
call    5 never executed
branch  6 never executed (fallthrough)
branch  7 never executed (throw)
    %%%%%:  190-block 45
call    8 never executed
call    9 never executed
    $$$$$:  190-block 328
call   10 never executed
    $$$$$:  190-block 330
call   11 never executed
    $$$$$:  190-block 332
    $$$$$:  190-block 333
    #####:  191:                posY = ImGui::GetCursorPosY();
call    0 never executed
branch  1 never executed (fallthrough)
branch  2 never executed (throw)
    #####:  192:                posY += 2.5;
        -:  193:
    #####:  194:                ImGui::SetCursorPosY(posY);
    %%%%%:  194-block 48
call    0 never executed
branch  1 never executed (fallthrough)
branch  2 never executed (throw)
    #####:  195:                ImGui::Text("%d.", i + 1);
    %%%%%:  195-block 49
call    0 never executed
branch  1 never executed (fallthrough)
branch  2 never executed (throw)
    #####:  196:                ImGui::PopID();
    %%%%%:  196-block 50
call    0 never executed
branch  1 never executed (fallthrough)
branch  2 never executed (throw)
        -:  197:
    #####:  198:                ImGui::TableSetColumnIndex(1);
    %%%%%:  198-block 51
call    0 never executed
branch  1 never executed (fallthrough)
branch  2 never executed (throw)
        -:  199:
    #####:  200:                ImGui::PushID(("second" + std::to_string(i)).c_str());
    %%%%%:  200-block 52
call    0 never executed
call    1 never executed
branch  2 never executed (fallthrough)
branch  3 never executed (throw)
    %%%%%:  200-block 54
call    4 never executed
call    5 never executed
branch  6 never executed (fallthrough)
branch  7 never executed (throw)
    %%%%%:  200-block 56
call    8 never executed
call    9 never executed
    $$$$$:  200-block 334
call   10 never executed
    $$$$$:  200-block 336
call   11 never executed
    $$$$$:  200-block 338
    $$$$$:  200-block 339
    #####:  201:                ImGui::SetNextItemWidth(150);
call    0 never executed
branch  1 never executed (fallthrough)
branch  2 never executed (throw)
        -:  202:
    #####:  203:                posY = ImGui::GetCursorPosY();
    %%%%%:  203-block 59
call    0 never executed
branch  1 never executed (fallthrough)
branch  2 never executed (throw)
    #####:  204:                posX = ImGui::GetCursorPosX();
    %%%%%:  204-block 60
call    0 never executed
branch  1 never executed (fallthrough)
branch  2 never executed (throw)
    #####:  205:                posY += 3;
    #####:  206:                posX += 2;
        -:  207:
    #####:  208:                ImGui::SetCursorPosY(posY);
    %%%%%:  208-block 61
call    0 never executed
branch  1 never executed (fallthrough)
branch  2 never executed (throw)
    #####:  209:                std::stringstream ss;
    %%%%%:  209-block 62
call    0 never executed
branch  1 never executed (fallthrough)
branch  2 never executed (throw)
    #####:  210:                ss << "0x" << std::setfill('0') << std::hex << memInfo[i].start;
    %%%%%:  210-block 63
call    0 never executed
branch  1 never executed (fallthrough)
branch  2 never executed (throw)
    %%%%%:  210-block 64
call    3 never executed
call    4 never executed
branch  5 never executed (fallthrough)
branch  6 never executed (throw)
    %%%%%:  210-block 66
call    7 never executed
branch  8 never executed (fallthrough)
branch  9 never executed (throw)
    %%%%%:  210-block 67
call   10 never executed
call   11 never executed
branch 12 never executed (fallthrough)
branch 13 never executed (throw)
        -:  211:                // if (ImGui::TextLink(ss.str().c_str()))
        -:  212:                // {
        -:  213:                //     MemoryEditor memEdit;
        -:  214:                //
        -:  215:                //     newMemEditWindowsInfo hyperLinkWindow{};
        -:  216:                //     hyperLinkWindow.address = memInfo[i].start;
        -:  217:                //     hyperLinkWindow.size = memInfo[i].end - memInfo[i].start + 1;
        -:  218:                //     hyperLinkWindow.memEditor
        -:  219:                // }
    #####:  220:                ss.clear();
    %%%%%:  220-block 69
call    0 never executed
branch  1 never executed (fallthrough)
branch  2 never executed (throw)
    #####:  221:                ss.str("");
    %%%%%:  221-block 72
call    0 never executed
branch  1 never executed (fallthrough)
branch  2 never executed (throw)
    %%%%%:  221-block 73
call    3 never executed
branch  4 never executed (fallthrough)
branch  5 never executed (throw)
    %%%%%:  221-block 74
call    6 never executed
    $$$$$:  221-block 340
call    7 never executed
    $$$$$:  221-block 344
    $$$$$:  221-block 345
    #####:  222:                ImGui::PopID();
    %%%%%:  222-block 76
call    0 never executed
branch  1 never executed (fallthrough)
branch  2 never executed (throw)
    #####:  223:                ImGui::TableSetColumnIndex(2);
    %%%%%:  223-block 77
call    0 never executed
branch  1 never executed (fallthrough)
branch  2 never executed (throw)
    #####:  224:                ImGui::PushID(("third" + std::to_string(i)).c_str());
    %%%%%:  224-block 78
call    0 never executed
call    1 never executed
branch  2 never executed (fallthrough)
branch  3 never executed (throw)
    %%%%%:  224-block 80
call    4 never executed
call    5 never executed
branch  6 never executed (fallthrough)
branch  7 never executed (throw)
    %%%%%:  224-block 82
call    8 never executed
call    9 never executed
    $$$$$:  224-block 346
call   10 never executed
    $$$$$:  224-block 348
call   11 never executed
    $$$$$:  224-block 350
    $$$$$:  224-block 351
    #####:  225:                ImGui::SetNextItemWidth(150);
call    0 never executed
branch  1 never executed (fallthrough)
branch  2 never executed (throw)
        -:  226:
    #####:  227:                strncpy(inputValue, std::to_string(memInfo[i].end + 1).c_str(), std::to_string(memInfo[i].end + 1).length());
    %%%%%:  227-block 85
call    0 never executed
call    1 never executed
branch  2 never executed (fallthrough)
branch  3 never executed (throw)
    %%%%%:  227-block 87
call    4 never executed
call    5 never executed
call    6 never executed
branch  7 never executed (fallthrough)
branch  8 never executed (throw)
    %%%%%:  227-block 90
call    9 never executed
call   10 never executed
call   11 never executed
    $$$$$:  227-block 352
    $$$$$:  227-block 353
call   12 never executed
    $$$$$:  227-block 355
    #####:  228:                if (InputHexadecimal("##end_addr", inputValue, ImGuiInputTextFlags_CharsNoBlank | ImGuiInputTextFlags_EnterReturnsTrue))
call    0 never executed
branch  1 never executed (fallthrough)
branch  2 never executed (throw)
    %%%%%:  228-block 94
branch  3 never executed (fallthrough)
branch  4 never executed
        -:  229:                {
    #####:  230:                    newEndAddr = strtol(inputValue, nullptr, 16);
    %%%%%:  230-block 95
call    0 never executed
    #####:  231:                    if (newEndAddr != memInfo[i].end || newEndAddr != (memInfo[i].end + 1))
call    0 never executed
branch  1 never executed (fallthrough)
branch  2 never executed
    %%%%%:  231-block 98
call    3 never executed
branch  4 never executed (fallthrough)
branch  5 never executed
    %%%%%:  231-block 100
    %%%%%:  231-block 101
    %%%%%:  231-block 102
branch  6 never executed (fallthrough)
branch  7 never executed
        -:  232:                    {
    #####:  233:                        endAddrChanged = true;
    %%%%%:  233-block 103
        -:  234:                    }
        -:  235:                }
        -:  236:
    #####:  237:                ImGui::PopID();
    %%%%%:  237-block 104
call    0 never executed
branch  1 never executed (fallthrough)
branch  2 never executed (throw)
    #####:  238:                ImGui::PushStyleColor(ImGuiCol_CheckMark, ImColor(140, 170, 238).Value);
    %%%%%:  238-block 105
call    0 never executed
call    1 never executed
branch  2 never executed (fallthrough)
branch  3 never executed (throw)
    $$$$$:  238-block 356
    #####:  239:                ImGui::TableSetColumnIndex(3);
    %%%%%:  239-block 107
call    0 never executed
branch  1 never executed (fallthrough)
branch  2 never executed (throw)
    #####:  240:                ImGui::PushID(("fourth" + std::to_string(i)).c_str());
    %%%%%:  240-block 108
call    0 never executed
call    1 never executed
branch  2 never executed (fallthrough)
branch  3 never executed (throw)
    %%%%%:  240-block 110
call    4 never executed
call    5 never executed
branch  6 never executed (fallthrough)
branch  7 never executed (throw)
    %%%%%:  240-block 112
call    8 never executed
call    9 never executed
    $$$$$:  240-block 357
call   10 never executed
    $$$$$:  240-block 359
call   11 never executed
    $$$$$:  240-block 361
    $$$$$:  240-block 362
        -:  241:
    #####:  242:                posX = ImGui::GetCursorPosX() + 2;
call    0 never executed
branch  1 never executed (fallthrough)
branch  2 never executed (throw)
        -:  243:
    #####:  244:                ImGui::SetCursorPosX(posX);
    %%%%%:  244-block 115
call    0 never executed
branch  1 never executed (fallthrough)
branch  2 never executed (throw)
    #####:  245:                ImGui::Selectable("Read: ");
    %%%%%:  245-block 116
call    0 never executed
call    1 never executed
branch  2 never executed (fallthrough)
branch  3 never executed (throw)
    $$$$$:  245-block 363
    #####:  246:                ImGui::PushFont(ImGui::GetIO().Fonts->Fonts[6]);
    %%%%%:  246-block 118
call    0 never executed
branch  1 never executed (fallthrough)
branch  2 never executed (throw)
    %%%%%:  246-block 119
call    3 never executed
call    4 never executed
branch  5 never executed (fallthrough)
branch  6 never executed (throw)
    #####:  247:                ImGui::SameLine();
    %%%%%:  247-block 121
call    0 never executed
branch  1 never executed (fallthrough)
branch  2 never executed (throw)
    #####:  248:                ImGui::PushID((i + 5) * 3);
    %%%%%:  248-block 122
call    0 never executed
branch  1 never executed (fallthrough)
branch  2 never executed (throw)
    #####:  249:                posX = ImGui::GetCursorPosX();
    %%%%%:  249-block 123
call    0 never executed
branch  1 never executed (fallthrough)
branch  2 never executed (throw)
    #####:  250:                posX += 6;
    #####:  251:                ImGui::SetCursorPosX(posX);
    %%%%%:  251-block 124
call    0 never executed
branch  1 never executed (fallthrough)
branch  2 never executed (throw)
    #####:  252:                ImGui::Checkbox("##check_read", &read);
    %%%%%:  252-block 125
call    0 never executed
branch  1 never executed (fallthrough)
branch  2 never executed (throw)
        -:  253:
    #####:  254:                if (ImGui::IsItemHovered() && ImGui::IsMouseReleased(0))
    %%%%%:  254-block 126
call    0 never executed
branch  1 never executed (fallthrough)
branch  2 never executed (throw)
    %%%%%:  254-block 127
branch  3 never executed (fallthrough)
branch  4 never executed
    %%%%%:  254-block 128
call    5 never executed
branch  6 never executed (fallthrough)
branch  7 never executed (throw)
    %%%%%:  254-block 129
branch  8 never executed (fallthrough)
branch  9 never executed
    %%%%%:  254-block 130
    %%%%%:  254-block 131
    %%%%%:  254-block 132
branch 10 never executed (fallthrough)
branch 11 never executed
        -:  255:                {
    #####:  256:                    read = !read;
    #####:  257:                    permsChanged = true;
    %%%%%:  257-block 133
        -:  258:                }
        -:  259:
    #####:  260:                ImGui::SameLine();
    %%%%%:  260-block 134
call    0 never executed
branch  1 never executed (fallthrough)
branch  2 never executed (throw)
    #####:  261:                ImGui::Dummy({2, 2});
    %%%%%:  261-block 135
call    0 never executed
call    1 never executed
branch  2 never executed (fallthrough)
branch  3 never executed (throw)
    $$$$$:  261-block 364
    #####:  262:                ImGui::SameLine();
    %%%%%:  262-block 137
call    0 never executed
branch  1 never executed (fallthrough)
branch  2 never executed (throw)
    #####:  263:                ImGui::PopID();
    %%%%%:  263-block 138
call    0 never executed
branch  1 never executed (fallthrough)
branch  2 never executed (throw)
    #####:  264:                ImGui::SameLine();
    %%%%%:  264-block 139
call    0 never executed
branch  1 never executed (fallthrough)
branch  2 never executed (throw)
    #####:  265:                ImGui::Selectable("Write: ");
    %%%%%:  265-block 140
call    0 never executed
call    1 never executed
branch  2 never executed (fallthrough)
branch  3 never executed (throw)
    $$$$$:  265-block 365
    #####:  266:                ImGui::SameLine();
    %%%%%:  266-block 142
call    0 never executed
branch  1 never executed (fallthrough)
branch  2 never executed (throw)
    #####:  267:                ImGui::PushID((i + 1) * 3);
    %%%%%:  267-block 143
call    0 never executed
branch  1 never executed (fallthrough)
branch  2 never executed (throw)
    #####:  268:                ImGui::Checkbox(("###Check2_" + std::to_string(i * 2)).c_str(), &write);
    %%%%%:  268-block 144
call    0 never executed
call    1 never executed
branch  2 never executed (fallthrough)
branch  3 never executed (throw)
    %%%%%:  268-block 146
call    4 never executed
call    5 never executed
branch  6 never executed (fallthrough)
branch  7 never executed (throw)
    %%%%%:  268-block 148
call    8 never executed
call    9 never executed
    $$$$$:  268-block 366
call   10 never executed
    $$$$$:  268-block 368
call   11 never executed
    $$$$$:  268-block 370
    $$$$$:  268-block 371
        -:  269:
    #####:  270:                if (ImGui::IsItemHovered() && ImGui::IsMouseReleased(0))
call    0 never executed
branch  1 never executed (fallthrough)
branch  2 never executed (throw)
    %%%%%:  270-block 151
branch  3 never executed (fallthrough)
branch  4 never executed
    %%%%%:  270-block 152
call    5 never executed
branch  6 never executed (fallthrough)
branch  7 never executed (throw)
    %%%%%:  270-block 153
branch  8 never executed (fallthrough)
branch  9 never executed
    %%%%%:  270-block 154
    %%%%%:  270-block 155
    %%%%%:  270-block 156
branch 10 never executed (fallthrough)
branch 11 never executed
        -:  271:                {
    #####:  272:                    write = !write;
    #####:  273:                    permsChanged = true;
    %%%%%:  273-block 157
        -:  274:                }
        -:  275:
    #####:  276:                ImGui::PopID();
    %%%%%:  276-block 158
call    0 never executed
branch  1 never executed (fallthrough)
branch  2 never executed (throw)
    #####:  277:                ImGui::SameLine();
    %%%%%:  277-block 159
call    0 never executed
branch  1 never executed (fallthrough)
branch  2 never executed (throw)
    #####:  278:                ImGui::Dummy({2, 2});
    %%%%%:  278-block 160
call    0 never executed
call    1 never executed
branch  2 never executed (fallthrough)
branch  3 never executed (throw)
    $$$$$:  278-block 372
    #####:  279:                ImGui::SameLine();
    %%%%%:  279-block 162
call    0 never executed
branch  1 never executed (fallthrough)
branch  2 never executed (throw)
    #####:  280:                ImGui::SameLine();
    %%%%%:  280-block 163
call    0 never executed
branch  1 never executed (fallthrough)
branch  2 never executed (throw)
    #####:  281:                ImGui::Selectable("Execute: ");
    %%%%%:  281-block 164
call    0 never executed
call    1 never executed
branch  2 never executed (fallthrough)
branch  3 never executed (throw)
    $$$$$:  281-block 373
    #####:  282:                ImGui::SameLine();
    %%%%%:  282-block 166
call    0 never executed
branch  1 never executed (fallthrough)
branch  2 never executed (throw)
    #####:  283:                ImGui::PushID((i + 1) * 5);
    %%%%%:  283-block 167
call    0 never executed
branch  1 never executed (fallthrough)
branch  2 never executed (throw)
        -:  284:
    #####:  285:                ImGui::Checkbox("###Check3_", &execute);
    %%%%%:  285-block 168
call    0 never executed
branch  1 never executed (fallthrough)
branch  2 never executed (throw)
    #####:  286:                if (ImGui::IsItemHovered() && ImGui::IsMouseReleased(0))
    %%%%%:  286-block 169
call    0 never executed
branch  1 never executed (fallthrough)
branch  2 never executed (throw)
    %%%%%:  286-block 170
branch  3 never executed (fallthrough)
branch  4 never executed
    %%%%%:  286-block 171
call    5 never executed
branch  6 never executed (fallthrough)
branch  7 never executed (throw)
    %%%%%:  286-block 172
branch  8 never executed (fallthrough)
branch  9 never executed
    %%%%%:  286-block 173
    %%%%%:  286-block 174
    %%%%%:  286-block 175
branch 10 never executed (fallthrough)
branch 11 never executed
        -:  287:                {
    #####:  288:                    execute = !execute;
    #####:  289:                    permsChanged = true;
    %%%%%:  289-block 176
        -:  290:                }
        -:  291:
    #####:  292:                ImGui::PopID();
    %%%%%:  292-block 177
call    0 never executed
branch  1 never executed (fallthrough)
branch  2 never executed (throw)
        -:  293:
    #####:  294:                posX = ImGui::GetCursorPosX() + 2;
    %%%%%:  294-block 178
call    0 never executed
branch  1 never executed (fallthrough)
branch  2 never executed (throw)
        -:  295:
    #####:  296:                ImGui::SetCursorPosX(posX);
    %%%%%:  296-block 179
call    0 never executed
branch  1 never executed (fallthrough)
branch  2 never executed (throw)
    #####:  297:                ImGui::Selectable("Mapped: ");
    %%%%%:  297-block 180
call    0 never executed
call    1 never executed
branch  2 never executed (fallthrough)
branch  3 never executed (throw)
    $$$$$:  297-block 374
    #####:  298:                ImGui::SameLine();
    %%%%%:  298-block 182
call    0 never executed
branch  1 never executed (fallthrough)
branch  2 never executed (throw)
        -:  299:
    #####:  300:                ImGui::Checkbox("###Check4_", &mapped);
    %%%%%:  300-block 183
call    0 never executed
branch  1 never executed (fallthrough)
branch  2 never executed (throw)
    #####:  301:                if (ImGui::IsItemHovered() && ImGui::IsMouseReleased(0))
    %%%%%:  301-block 184
call    0 never executed
branch  1 never executed (fallthrough)
branch  2 never executed (throw)
    %%%%%:  301-block 185
branch  3 never executed (fallthrough)
branch  4 never executed
    %%%%%:  301-block 186
call    5 never executed
branch  6 never executed (fallthrough)
branch  7 never executed (throw)
    %%%%%:  301-block 187
branch  8 never executed (fallthrough)
branch  9 never executed
    %%%%%:  301-block 188
    %%%%%:  301-block 189
    %%%%%:  301-block 190
branch 10 never executed (fallthrough)
branch 11 never executed
        -:  302:                {
    #####:  303:                    bool unmap = tinyfd_messageBox("Confirmation required!", "Are you sure you want to unmap it?", "okcancel", "error", 0);
    %%%%%:  303-block 191
call    0 never executed
branch  1 never executed (fallthrough)
branch  2 never executed (throw)
        -:  304:
    #####:  305:                    if (unmap)
    %%%%%:  305-block 192
branch  0 never executed (fallthrough)
branch  1 never executed
        -:  306:                    {
    #####:  307:                        uc_mem_unmap(uc, memInfo[i].start, memInfo[i].end - memInfo[i].start + 1);
    %%%%%:  307-block 193
call    0 never executed
call    1 never executed
call    2 never executed
call    3 never executed
branch  4 never executed (fallthrough)
branch  5 never executed (throw)
        -:  308:                    }
        -:  309:                }
        -:  310:
    #####:  311:                ImGui::PopFont ();
    %%%%%:  311-block 197
call    0 never executed
branch  1 never executed (fallthrough)
branch  2 never executed (throw)
    #####:  312:                ImGui::TableNextRow();
    %%%%%:  312-block 198
call    0 never executed
branch  1 never executed (fallthrough)
branch  2 never executed (throw)
    #####:  313:                ImGui::PopID();
    %%%%%:  313-block 199
call    0 never executed
branch  1 never executed (fallthrough)
branch  2 never executed (throw)
    #####:  314:                ImGui::PopStyleColor();
    %%%%%:  314-block 200
call    0 never executed
branch  1 never executed (fallthrough)
branch  2 never executed (throw)
    #####:  315:                ImGui::PopID();
    %%%%%:  315-block 201
call    0 never executed
branch  1 never executed (fallthrough)
branch  2 never executed (throw)
        -:  316:
    #####:  317:                if (permsChanged)
    %%%%%:  317-block 202
branch  0 never executed (fallthrough)
branch  1 never executed
        -:  318:                {
    #####:  319:                    const uint32_t perms = (read ? UC_PROT_READ : UC_PROT_NONE) | (write ? UC_PROT_WRITE : UC_PROT_NONE)
    %%%%%:  319-block 203
branch  0 never executed (fallthrough)
branch  1 never executed
    %%%%%:  319-block 204
    %%%%%:  319-block 205
    %%%%%:  319-block 206
branch  2 never executed (fallthrough)
branch  3 never executed
    %%%%%:  319-block 207
    %%%%%:  319-block 208
    #####:  320:                        | (execute ? UC_PROT_EXEC : UC_PROT_NONE);
    %%%%%:  320-block 209
branch  0 never executed (fallthrough)
branch  1 never executed
    %%%%%:  320-block 210
    %%%%%:  320-block 211
    #####:  321:                    updateMemoryPermissions(uc, memInfo[i].start, memInfo[i].end, perms);
    %%%%%:  321-block 212
call    0 never executed
call    1 never executed
call    2 never executed
branch  3 never executed (fallthrough)
branch  4 never executed (throw)
    #####:  322:                    permsChanged = false;
    %%%%%:  322-block 215
        -:  323:                }
        -:  324:
    #####:  325:                if (endAddrChanged)
    %%%%%:  325-block 216
branch  0 never executed (fallthrough)
branch  1 never executed
        -:  326:                {
    #####:  327:                    if (expandMemoryRegion(uc, memInfo[i].start, memInfo[i].end,
call    0 never executed
call    1 never executed
call    2 never executed
branch  3 never executed (fallthrough)
branch  4 never executed (throw)
    #####:  328:                                           strtoll(std::to_string(newEndAddr).c_str(), nullptr, 16),
    %%%%%:  328-block 221
call    0 never executed
call    1 never executed
    %%%%%:  328-block 226
call    2 never executed
branch  3 never executed (fallthrough)
branch  4 never executed
    $$$$$:  328-block 375
call    5 never executed
    $$$$$:  328-block 377
    #####:  329:                                           (memInfo[i].end - memInfo[i].start) + 1, memInfo[i].perms))
    %%%%%:  329-block 217
call    0 never executed
call    1 never executed
call    2 never executed
call    3 never executed
branch  4 never executed (fallthrough)
branch  5 never executed (throw)
        -:  330:                    {
    #####:  331:                        memInfo[i].end = newEndAddr;
    %%%%%:  331-block 228
call    0 never executed
        -:  332:                    }
    #####:  333:                    endAddrChanged = false;
    %%%%%:  333-block 230
        -:  334:                }
    #####:  335:            }
    %%%%%:  335-block 231
call    0 never executed
    $$$$$:  335-block 378
call    1 never executed
        -:  336:
    #####:  337:            ImGui::PopFont();
    %%%%%:  337-block 235
call    0 never executed
branch  1 never executed (fallthrough)
branch  2 never executed (throw)
    #####:  338:            free(inputValue);
    #####:  339:            ImGui::EndTable();
    %%%%%:  339-block 236
call    0 never executed
branch  1 never executed (fallthrough)
branch  2 never executed (throw)
    #####:  340:        }
    %%%%%:  340-block 237
call    0 never executed
call    1 never executed
    $$$$$:  340-block 381
call    2 never executed
    $$$$$:  340-block 383
call    3 never executed
        -:  341:
    #####:  342:        if (tableUpdated)
    %%%%%:  342-block 240
branch  0 never executed (fallthrough)
branch  1 never executed
        -:  343:        {
    #####:  344:            auto [x, y] = ImGui::GetWindowSize();
    %%%%%:  344-block 241
call    0 never executed
branch  1 never executed (fallthrough)
branch  2 never executed (throw)
    #####:  345:            if (tableSizeInc)
    %%%%%:  345-block 242
branch  0 never executed (fallthrough)
branch  1 never executed
        -:  346:            {
    #####:  347:                ImGui::SetNextWindowSize({x, y + 25});
    %%%%%:  347-block 243
call    0 never executed
call    1 never executed
branch  2 never executed (fallthrough)
branch  3 never executed (throw)
    %%%%%:  347-block 245
    $$$$$:  347-block 386
        -:  348:            }
        -:  349:            else
        -:  350:            {
    #####:  351:                ImGui::SetNextWindowSize({x, y - 25});
    %%%%%:  351-block 246
call    0 never executed
call    1 never executed
branch  2 never executed (fallthrough)
branch  3 never executed (throw)
    %%%%%:  351-block 248
    $$$$$:  351-block 387
        -:  352:            }
        -:  353:        }
        -:  354:
    #####:  355:        ImGui::PushFont(ImGui::GetIO().Fonts->Fonts[RubikRegular16]);
    %%%%%:  355-block 250
call    0 never executed
branch  1 never executed (fallthrough)
branch  2 never executed (throw)
    %%%%%:  355-block 251
call    3 never executed
call    4 never executed
branch  5 never executed (fallthrough)
branch  6 never executed (throw)
    #####:  356:        if (ImGui::Button("ADD"))
    %%%%%:  356-block 253
call    0 never executed
call    1 never executed
branch  2 never executed (fallthrough)
branch  3 never executed (throw)
    %%%%%:  356-block 255
branch  4 never executed (fallthrough)
branch  5 never executed
    $$$$$:  356-block 389
        -:  357:        {
    #####:  358:            keep = true;
    %%%%%:  358-block 256
        -:  359:        }
        -:  360:
        -:  361:
    #####:  362:        ImGui::SameLine();
    %%%%%:  362-block 257
call    0 never executed
branch  1 never executed (fallthrough)
branch  2 never executed (throw)
    #####:  363:        auto [x, y] = ImGui::GetWindowSize();
    %%%%%:  363-block 258
call    0 never executed
branch  1 never executed (fallthrough)
branch  2 never executed (throw)
    #####:  364:        const ImVec2 windowSize = ImGui::GetWindowSize();
    %%%%%:  364-block 259
call    0 never executed
branch  1 never executed (fallthrough)
branch  2 never executed (throw)
    #####:  365:        const ImVec2 padding = ImGui::GetStyle().WindowPadding;
    %%%%%:  365-block 260
call    0 never executed
branch  1 never executed (fallthrough)
branch  2 never executed (throw)
        -:  366:
    #####:  367:        ImVec2 contentRegion = ImGui::GetContentRegionAvail();
    %%%%%:  367-block 261
call    0 never executed
branch  1 never executed (fallthrough)
branch  2 never executed (throw)
        -:  368:
    #####:  369:        const ImVec2 widgetSize = ImGui::CalcTextSize("Add");
    %%%%%:  369-block 262
call    0 never executed
branch  1 never executed (fallthrough)
branch  2 never executed (throw)
    #####:  370:        ImGui::SetCursorPos(ImVec2(windowSize.x - padding.x - widgetSize.x,
call    0 never executed
branch  1 never executed (fallthrough)
branch  2 never executed (throw)
    $$$$$:  370-block 390
    #####:  371:                                   windowSize.y - padding.y - widgetSize.y + 16 - ImGui::GetFrameHeight()));
    %%%%%:  371-block 263
call    0 never executed
branch  1 never executed (fallthrough)
branch  2 never executed (throw)
    %%%%%:  371-block 264
call    3 never executed
    #####:  372:        if (ImGui::Button("OK"))
    %%%%%:  372-block 266
call    0 never executed
call    1 never executed
branch  2 never executed (fallthrough)
branch  3 never executed (throw)
    %%%%%:  372-block 268
branch  4 never executed (fallthrough)
branch  5 never executed
    $$$$$:  372-block 391
        -:  373:        {
    #####:  374:            memoryMapsUI = false;
    %%%%%:  374-block 269
        -:  375:        }
    #####:  376:        ImGui::PopFont();
    %%%%%:  376-block 270
call    0 never executed
branch  1 never executed (fallthrough)
branch  2 never executed (throw)
        -:  377:    }
        -:  378:
    #####:  379:    if (keep)
    %%%%%:  379-block 272
branch  0 never executed (fallthrough)
branch  1 never executed
        -:  380:    {
    #####:  381:        auto [address, size] = infoPopup("Map a new region", "Multiple of 4KB");
    %%%%%:  381-block 275
call    0 never executed
branch  1 never executed (fallthrough)
branch  2 never executed (throw)
    %%%%%:  381-block 278
call    3 never executed
branch  4 never executed (fallthrough)
branch  5 never executed (throw)
    %%%%%:  381-block 279
call    6 never executed
branch  7 never executed (fallthrough)
branch  8 never executed (throw)
    %%%%%:  381-block 280
call    9 never executed
    %%%%%:  381-block 282
call   10 never executed
    %%%%%:  381-block 284
call   11 never executed
call   12 never executed
    $$$$$:  381-block 393
call   13 never executed
    $$$$$:  381-block 397
    $$$$$:  381-block 398
    $$$$$:  381-block 399
call   14 never executed
    $$$$$:  381-block 403
    $$$$$:  381-block 404
    #####:  382:        if (address != 0 && size != 0)
branch  0 never executed (fallthrough)
branch  1 never executed
    %%%%%:  382-block 287
branch  2 never executed (fallthrough)
branch  3 never executed
        -:  383:        {
    #####:  384:            uc_err ucErr = uc_mem_map(uc, address, size, UC_PROT_NONE);
    %%%%%:  384-block 288
call    0 never executed
branch  1 never executed (fallthrough)
branch  2 never executed (throw)
    #####:  385:            if (ucErr != UC_ERR_OK)
    %%%%%:  385-block 289
branch  0 never executed (fallthrough)
branch  1 never executed
        -:  386:            {
    #####:  387:                LOG_INFO("Unable to map the newly requested memory region.");
    %%%%%:  387-block 290
call    0 never executed
branch  1 never executed (fallthrough)
branch  2 never executed
    %%%%%:  387-block 292
call    3 never executed
branch  4 never executed (fallthrough)
branch  5 never executed
    %%%%%:  387-block 294
call    6 never executed
branch  7 never executed (fallthrough)
branch  8 never executed (throw)
    %%%%%:  387-block 295
call    9 never executed
branch 10 never executed (fallthrough)
branch 11 never executed (throw)
    %%%%%:  387-block 296
call   12 never executed
call   13 never executed
call   14 never executed
branch 15 never executed (fallthrough)
branch 16 never executed (throw)
    %%%%%:  387-block 299
call   17 never executed
branch 18 never executed (fallthrough)
branch 19 never executed (throw)
    %%%%%:  387-block 300
    %%%%%:  387-block 302
call   20 never executed
branch 21 never executed (fallthrough)
branch 22 never executed (throw)
    %%%%%:  387-block 303
call   23 never executed
branch 24 never executed (fallthrough)
branch 25 never executed (throw)
    %%%%%:  387-block 304
call   26 never executed
branch 27 never executed (fallthrough)
branch 28 never executed (throw)
    %%%%%:  387-block 305
call   29 never executed
branch 30 never executed (fallthrough)
branch 31 never executed (throw)
    %%%%%:  387-block 306
call   32 never executed
branch 33 never executed (fallthrough)
branch 34 never executed (throw)
    %%%%%:  387-block 307
call   35 never executed
branch 36 never executed (fallthrough)
branch 37 never executed (throw)
    %%%%%:  387-block 308
call   38 never executed
call   39 never executed
    %%%%%:  387-block 311
call   40 never executed
call   41 never executed
    %%%%%:  387-block 314
call   42 never executed
branch 43 never executed
branch 44 never executed (fallthrough)
    $$$$$:  387-block 405
call   45 never executed
    $$$$$:  387-block 407
call   46 never executed
    $$$$$:  387-block 411
    $$$$$:  387-block 412
    $$$$$:  387-block 413
    $$$$$:  387-block 414
call   47 never executed
    $$$$$:  387-block 416
    $$$$$:  387-block 417
call   48 never executed
    $$$$$:  387-block 419
    #####:  388:                keep = false;
    %%%%%:  388-block 316
        -:  389:            }
        -:  390:            else
        -:  391:            {
    #####:  392:                keep =  false;
    %%%%%:  392-block 317
        -:  393:            }
        -:  394:        }
    #####:  395:        if (address == 0 && size == 1)
    %%%%%:  395-block 318
branch  0 never executed (fallthrough)
branch  1 never executed
    %%%%%:  395-block 319
branch  2 never executed (fallthrough)
branch  3 never executed
        -:  396:        {
    #####:  397:            keep = false;
    %%%%%:  397-block 320
        -:  398:        }
        -:  399:    }
    #####:  400:    ImGui::End();
    %%%%%:  400-block 322
call    0 never executed
branch  1 never executed (fallthrough)
branch  2 never executed (throw)
    #####:  401:    ImGui::CloseCurrentPopup();
    %%%%%:  401-block 323
call    0 never executed
branch  1 never executed (fallthrough)
branch  2 never executed (throw)
    #####:  402:}
    %%%%%:  402-block 324
call    0 never executed
    $$$$$:  402-block 421
call    1 never executed
